# Ημερολόγιο Εργασίας: Πτυχιακή Μελέτη
**Project:** Car-Market-Analysis-Attica
**Ημερομηνία:** 31 Μαρτίου 2026

##  Συλλογή Βιβλιογραφίας & Πηγών
Σήμερα πραγματοποιήθηκε εκτενής αναζήτηση και συγκέντρωση πηγών για το θεωρητικό μέρος και την υλοποίηση του μοντέλου.

###  Επιστημονικά Άρθρα & Μελέτες
- [ ] **Global Automotive Consumer Study (2026)** - Deloitte / Industry report για τις τάσεις της αγοράς.
- [ ] **Probabilistic Tabular Regression for Used Car Price Prediction** - Τεχνική προσέγγιση στην πρόβλεψη τιμών.
- [ ] **An Analytical Study on Car Price Prediction** - Μελέτη αλγορίθμων πρόβλεψης.
- [ ] **Sustainability-14-17034** & **Electronics-11-02932** - MDPI Journals σχετικά με βιωσιμότητα και ηλεκτρονικά συστήματα αυτοκινήτων.
- [ ] **AngelakakiEleniMsc2025** - Συναφής μεταπτυχιακή διατριβή για βιβλιογραφική αναφορά.

###  Τεχνικά Εγχειρίδια & Βιβλία (Python & ML)
- [x] **Python Data Science Handbook** (Jake VanderPlas) - Για manipulation δεδομένων.
- [x] **ISLP (Introduction to Statistical Learning with Python)** - Θεωρητικό υπόβαθρο στατιστικής μάθησης.
- [x] **Data Ingestion with Python Cookbook** - Για τη διαδικασία συλλογής δεδομένων (Scraping/API).
- [x] **Introduction to Machine Learning with Python** - Βασικές αρχές Scikit-Learn.
- [x] **Python Crash Course (Matthes 2023)** - Αναφορά για δομές κώδικα.

##  Επόμενα Βήματα
1. Ταξινόμηση των PDFs στον κατάλληλο φάκελο του project (π.χ. `docs/references/`).
2. Σύνταξη της πρώτης προσχεδιασμένης λίστας βιβλιογραφίας (BibTeX).
3. Ανάλυση του "Global Automotive Consumer Study" για την εισαγωγή της πτυχιακής.

---

# Ημερολόγιο Εργασίας: Πτυχιακή Μελέτη
**Project:** Car-Market-Analysis-Attica
**Ημερομηνία:** 2 Απριλίου 2026

## Σημερινή Πρόοδος
- Ολοκληρώθηκε το `01_Data_Cleaning_EDA.ipynb`
- Ολοκληρώθηκε το `02_Modeling_Price_Prediction.ipynb`
- Συγκρίθηκαν baseline και tree-based μοντέλα
- Το XGBoost είχε την καλύτερη συνολική απόδοση
- Δημιουργήθηκαν τα αρχεία:
  - `data/processed/model_comparison_results.csv`
  - `data/processed/best_model_test_predictions.csv`
- Προστέθηκε το `CONTRIBUTING.md`
- Ενημερώθηκε το `README.md`

## Επόμενα Βήματα
- Δημιουργία του `03_Model_Evaluation_Interpretability.ipynb`
- Hyperparameter tuning
- Error analysis
- SHAP / interpretability
- Τελική επιλογή μοντέλου για την πτυχιακή


---


# Ημερολόγιο Εργασίας: Πτυχιακή Μελέτη
**Project:** Car-Market-Analysis-Attica
**Ημερομηνία:** 3 Απριλίου 2026

## Σημερινή Πρόοδος
- Ολοκληρώθηκε το `03_Model_Evaluation_Interpretability.ipynb`
- Υλοποιήθηκε αναλυτική αξιολόγηση του τελικού μοντέλου
- Έγινε hyperparameter tuning για:
  - `RandomForestRegressor`
  - `XGBRegressor`
- Πραγματοποιήθηκε σύγκριση tuned vs untuned μοντέλων
- Εκτελέστηκε detailed error analysis στο test set
- Πραγματοποιήθηκε residual analysis
- Υλοποιήθηκε grouped error analysis ανά:
  - καύσιμο
  - κατασκευαστή
  - έτος πρώτης εγγραφής
  - price segment
- Εφαρμόστηκε SHAP interpretability για το τελικό μοντέλο
- Εξήχθησαν νέα αρχεία αποτελεσμάτων στο `data/processed/`:
  - `notebook3_search_summary.csv`
  - `notebook3_model_test_results.csv`
  - `notebook3_tuned_vs_untuned_comparison.csv`
  - `notebook3_final_model_predictions.csv`
  - `notebook3_error_by_fuel_type.csv`
  - `notebook3_error_by_make.csv`
  - `notebook3_error_by_registration_year.csv`
  - `notebook3_error_by_price_segment.csv`
  - `notebook3_transformed_shap_importance.csv`
  - `notebook3_grouped_shap_importance.csv`

## Εξαγωγή Figures
- Δημιουργήθηκε ο φάκελος `plots/`
- Αποθηκεύτηκαν export-ready figures από το Notebook 3:
  - `notebook3_actual_vs_predicted.png`
  - `notebook3_grouped_shap_importance.png`
  - `notebook3_shap_summary_plot.png`

## Τεκμηρίωση Repository
- Προστέθηκε το `openpyxl` στο `requirements.txt`
- Ξεκίνησε η ανανέωση του `README.md` ώστε να αποτυπώνει:
  - την ολοκλήρωση του Notebook 3
  - τα νέα processed outputs
  - τη βελτιωμένη δομή του repository
  - το reproducible workflow του project

## Git / Repository Updates
- Έγιναν ξεχωριστά commits και pushes για:
  - figures του Notebook 3
  - ενημερωμένα processed outputs
- Το branch `main` συγχρονίστηκε επιτυχώς με το `origin/main`
- Το working tree επιβεβαιώθηκε ως clean μετά τα pushes

## Επόμενα Βήματα
- Ολοκλήρωση και push του ανανεωμένου `README.md`
- Περαιτέρω οργάνωση του `activity.log` και των project notes
- Εξαγωγή επιπλέον figures από τα Notebook 1 και Notebook 2
- Ενσωμάτωση των αποτελεσμάτων του Notebook 3 στη συγγραφή της πτυχιακής
- Σύνταξη τελικών συμπερασμάτων για την επιλογή μοντέλου